<Event xmlns="http://schemas.microsoft.com/win/2004/08/events/event">
  <System>
    <Provider Name="Microsoft-Windows-Security-Auditing" Guid="{54849625-5478-4994-a5ba-3e3b0328c30d}" />
    <EventID>4624</EventID>
    <Version>0</Version>
    <Level>0</Level>
    <Task>12544</Task>
    <Opcode>0</Opcode>
    <Keywords>0x8020000000000000</Keywords>
    <TimeCreated SystemTime="2025-04-16T22:22:26.000000Z" />
    <EventRecordID>1090</EventRecordID>
    <Correlation />
    <Execution ProcessID="148" ThreadID="2764" />
    <Channel>Security</Channel>
    <Computer>WIN-TESTBOX</Computer>
    <Security />
  </System>
  <EventData>
    <Data Name="SubjectUserSid">S-1-5-18</Data>
    <Data Name="SubjectUserName">SYSTEM</Data>
    <Data Name="SubjectDomainName">NT AUTHORITY</Data>
    <Data Name="TargetUserSid">S-1-5-21-3919224266</Data>
    <Data Name="TargetUserName">user0</Data>
    <Data Name="TargetDomainName">WIN-TESTBOX</Data>
    <Data Name="LogonType">10</Data>
    <Data Name="LogonProcessName">Winlogon</Data>
    <Data Name="AuthenticationPackageName">Negotiate</Data>
  </EventData>
</Event>

<Event xmlns="http://schemas.microsoft.com/win/2004/08/events/event">
  <System>
    <Provider Name="Microsoft-Windows-Security-Auditing" Guid="{54849625-5478-4994-a5ba-3e3b0328c30d}" />
    <EventID>4647</EventID>
    <Version>0</Version>
    <Level>0</Level>
    <Task>12544</Task>
    <Opcode>0</Opcode>
    <Keywords>0x8020000000000000</Keywords>
    <TimeCreated SystemTime="2025-04-16T22:19:26.000000Z" />
    <EventRecordID>1091</EventRecordID>
    <Correlation />
    <Execution ProcessID="418" ThreadID="7188" />
    <Channel>Security</Channel>
    <Computer>WIN-TESTBOX</Computer>
    <Security />
  </System>
  <EventData>
    <Data Name="SubjectUserSid">S-1-5-18</Data>
    <Data Name="SubjectUserName">SYSTEM</Data>
    <Data Name="SubjectDomainName">NT AUTHORITY</Data>
    <Data Name="TargetUserSid">S-1-5-21-1275084476</Data>
    <Data Name="TargetUserName">user1</Data>
    <Data Name="TargetDomainName">WIN-TESTBOX</Data>
    <Data Name="LogonType">3</Data>
    <Data Name="LogonProcessName">Winlogon</Data>
    <Data Name="AuthenticationPackageName">Kerberos</Data>
  </EventData>
</Event>

<Event xmlns="http://schemas.microsoft.com/win/2004/08/events/event">
  <System>
    <Provider Name="Microsoft-Windows-Security-Auditing" Guid="{54849625-5478-4994-a5ba-3e3b0328c30d}" />
    <EventID>4625</EventID>
    <Version>0</Version>
    <Level>0</Level>
    <Task>12544</Task>
    <Opcode>0</Opcode>
    <Keywords>0x8020000000000000</Keywords>
    <TimeCreated SystemTime="2025-04-16T22:16:26.000000Z" />
    <EventRecordID>1092</EventRecordID>
    <Correlation />
    <Execution ProcessID="883" ThreadID="1887" />
    <Channel>Security</Channel>
    <Computer>WIN-TESTBOX</Computer>
    <Security />
  </System>
  <EventData>
    <Data Name="SubjectUserSid">S-1-5-18</Data>
    <Data Name="SubjectUserName">SYSTEM</Data>
    <Data Name="SubjectDomainName">NT AUTHORITY</Data>
    <Data Name="TargetUserSid">S-1-5-21-9802936523</Data>
    <Data Name="TargetUserName">user2</Data>
    <Data Name="TargetDomainName">WIN-TESTBOX</Data>
    <Data Name="LogonType">10</Data>
    <Data Name="LogonProcessName">User32</Data>
    <Data Name="AuthenticationPackageName">Kerberos</Data>
  </EventData>
</Event>

<Event xmlns="http://schemas.microsoft.com/win/2004/08/events/event">
  <System>
    <Provider Name="Microsoft-Windows-Security-Auditing" Guid="{54849625-5478-4994-a5ba-3e3b0328c30d}" />
    <EventID>4634</EventID>
    <Version>0</Version>
    <Level>0</Level>
    <Task>12544</Task>
    <Opcode>0</Opcode>
    <Keywords>0x8020000000000000</Keywords>
    <TimeCreated SystemTime="2025-04-16T22:13:26.000000Z" />
    <EventRecordID>1093</EventRecordID>
    <Correlation />
    <Execution ProcessID="257" ThreadID="3661" />
    <Channel>Security</Channel>
    <Computer>WIN-TESTBOX</Computer>
    <Security />
  </System>
  <EventData>
    <Data Name="SubjectUserSid">S-1-5-18</Data>
    <Data Name="SubjectUserName">SYSTEM</Data>
    <Data Name="SubjectDomainName">NT AUTHORITY</Data>
    <Data Name="TargetUserSid">S-1-5-21-2581264275</Data>
    <Data Name="TargetUserName">user3</Data>
    <Data Name="TargetDomainName">WIN-TESTBOX</Data>
    <Data Name="LogonType">10</Data>
    <Data Name="LogonProcessName">User32</Data>
    <Data Name="AuthenticationPackageName">Negotiate</Data>
  </EventData>
</Event>

<Event xmlns="http://schemas.microsoft.com/win/2004/08/events/event">
  <System>
    <Provider Name="Microsoft-Windows-Security-Auditing" Guid="{54849625-5478-4994-a5ba-3e3b0328c30d}" />
    <EventID>4647</EventID>
    <Version>0</Version>
    <Level>0</Level>
    <Task>12544</Task>
    <Opcode>0</Opcode>
    <Keywords>0x8020000000000000</Keywords>
    <TimeCreated SystemTime="2025-04-16T22:10:26.000000Z" />
    <EventRecordID>1094</EventRecordID>
    <Correlation />
    <Execution ProcessID="396" ThreadID="8289" />
    <Channel>Security</Channel>
    <Computer>WIN-TESTBOX</Computer>
    <Security />
  </System>
  <EventData>
    <Data Name="SubjectUserSid">S-1-5-18</Data>
    <Data Name="SubjectUserName">SYSTEM</Data>
    <Data Name="SubjectDomainName">NT AUTHORITY</Data>
    <Data Name="TargetUserSid">S-1-5-21-1792929715</Data>
    <Data Name="TargetUserName">user4</Data>
    <Data Name="TargetDomainName">WIN-TESTBOX</Data>
    <Data Name="LogonType">3</Data>
    <Data Name="LogonProcessName">Winlogon</Data>
    <Data Name="AuthenticationPackageName">NTLM</Data>
  </EventData>
</Event>

<Event xmlns="http://schemas.microsoft.com/win/2004/08/events/event">
  <System>
    <Provider Name="Microsoft-Windows-Security-Auditing" Guid="{54849625-5478-4994-a5ba-3e3b0328c30d}" />
    <EventID>4647</EventID>
    <Version>0</Version>
    <Level>0</Level>
    <Task>12544</Task>
    <Opcode>0</Opcode>
    <Keywords>0x8020000000000000</Keywords>
    <TimeCreated SystemTime="2025-04-16T22:07:26.000000Z" />
    <EventRecordID>1095</EventRecordID>
    <Correlation />
    <Execution ProcessID="441" ThreadID="5091" />
    <Channel>Security</Channel>
    <Computer>WIN-TESTBOX</Computer>
    <Security />
  </System>
  <EventData>
    <Data Name="SubjectUserSid">S-1-5-18</Data>
    <Data Name="SubjectUserName">SYSTEM</Data>
    <Data Name="SubjectDomainName">NT AUTHORITY</Data>
    <Data Name="TargetUserSid">S-1-5-21-2867000617</Data>
    <Data Name="TargetUserName">user5</Data>
    <Data Name="TargetDomainName">WIN-TESTBOX</Data>
    <Data Name="LogonType">2</Data>
    <Data Name="LogonProcessName">Advapi</Data>
    <Data Name="AuthenticationPackageName">NTLM</Data>
  </EventData>
</Event>

<Event xmlns="http://schemas.microsoft.com/win/2004/08/events/event">
  <System>
    <Provider Name="Microsoft-Windows-Security-Auditing" Guid="{54849625-5478-4994-a5ba-3e3b0328c30d}" />
    <EventID>4625</EventID>
    <Version>0</Version>
    <Level>0</Level>
    <Task>12544</Task>
    <Opcode>0</Opcode>
    <Keywords>0x8020000000000000</Keywords>
    <TimeCreated SystemTime="2025-04-16T22:04:26.000000Z" />
    <EventRecordID>1096</EventRecordID>
    <Correlation />
    <Execution ProcessID="701" ThreadID="5588" />
    <Channel>Security</Channel>
    <Computer>WIN-TESTBOX</Computer>
    <Security />
  </System>
  <EventData>
    <Data Name="SubjectUserSid">S-1-5-18</Data>
    <Data Name="SubjectUserName">SYSTEM</Data>
    <Data Name="SubjectDomainName">NT AUTHORITY</Data>
    <Data Name="TargetUserSid">S-1-5-21-6559486130</Data>
    <Data Name="TargetUserName">user6</Data>
    <Data Name="TargetDomainName">WIN-TESTBOX</Data>
    <Data Name="LogonType">2</Data>
    <Data Name="LogonProcessName">Advapi</Data>
    <Data Name="AuthenticationPackageName">Negotiate</Data>
  </EventData>
</Event>

<Event xmlns="http://schemas.microsoft.com/win/2004/08/events/event">
  <System>
    <Provider Name="Microsoft-Windows-Security-Auditing" Guid="{54849625-5478-4994-a5ba-3e3b0328c30d}" />
    <EventID>4624</EventID>
    <Version>0</Version>
    <Level>0</Level>
    <Task>12544</Task>
    <Opcode>0</Opcode>
    <Keywords>0x8020000000000000</Keywords>
    <TimeCreated SystemTime="2025-04-16T22:01:26.000000Z" />
    <EventRecordID>1097</EventRecordID>
    <Correlation />
    <Execution ProcessID="471" ThreadID="5262" />
    <Channel>Security</Channel>
    <Computer>WIN-TESTBOX</Computer>
    <Security />
  </System>
  <EventData>
    <Data Name="SubjectUserSid">S-1-5-18</Data>
    <Data Name="SubjectUserName">SYSTEM</Data>
    <Data Name="SubjectDomainName">NT AUTHORITY</Data>
    <Data Name="TargetUserSid">S-1-5-21-9161680902</Data>
    <Data Name="TargetUserName">user7</Data>
    <Data Name="TargetDomainName">WIN-TESTBOX</Data>
    <Data Name="LogonType">2</Data>
    <Data Name="LogonProcessName">Advapi</Data>
    <Data Name="AuthenticationPackageName">NTLM</Data>
  </EventData>
</Event>

<Event xmlns="http://schemas.microsoft.com/win/2004/08/events/event">
  <System>
    <Provider Name="Microsoft-Windows-Security-Auditing" Guid="{54849625-5478-4994-a5ba-3e3b0328c30d}" />
    <EventID>4634</EventID>
    <Version>0</Version>
    <Level>0</Level>
    <Task>12544</Task>
    <Opcode>0</Opcode>
    <Keywords>0x8020000000000000</Keywords>
    <TimeCreated SystemTime="2025-04-16T21:58:26.000000Z" />
    <EventRecordID>1098</EventRecordID>
    <Correlation />
    <Execution ProcessID="388" ThreadID="9788" />
    <Channel>Security</Channel>
    <Computer>WIN-TESTBOX</Computer>
    <Security />
  </System>
  <EventData>
    <Data Name="SubjectUserSid">S-1-5-18</Data>
    <Data Name="SubjectUserName">SYSTEM</Data>
    <Data Name="SubjectDomainName">NT AUTHORITY</Data>
    <Data Name="TargetUserSid">S-1-5-21-4258010422</Data>
    <Data Name="TargetUserName">user8</Data>
    <Data Name="TargetDomainName">WIN-TESTBOX</Data>
    <Data Name="LogonType">10</Data>
    <Data Name="LogonProcessName">Advapi</Data>
    <Data Name="AuthenticationPackageName">Negotiate</Data>
  </EventData>
</Event>

<Event xmlns="http://schemas.microsoft.com/win/2004/08/events/event">
  <System>
    <Provider Name="Microsoft-Windows-Security-Auditing" Guid="{54849625-5478-4994-a5ba-3e3b0328c30d}" />
    <EventID>4647</EventID>
    <Version>0</Version>
    <Level>0</Level>
    <Task>12544</Task>
    <Opcode>0</Opcode>
    <Keywords>0x8020000000000000</Keywords>
    <TimeCreated SystemTime="2025-04-16T21:55:26.000000Z" />
    <EventRecordID>1099</EventRecordID>
    <Correlation />
    <Execution ProcessID="955" ThreadID="7867" />
    <Channel>Security</Channel>
    <Computer>WIN-TESTBOX</Computer>
    <Security />
  </System>
  <EventData>
    <Data Name="SubjectUserSid">S-1-5-18</Data>
    <Data Name="SubjectUserName">SYSTEM</Data>
    <Data Name="SubjectDomainName">NT AUTHORITY</Data>
    <Data Name="TargetUserSid">S-1-5-21-2680482480</Data>
    <Data Name="TargetUserName">user9</Data>
    <Data Name="TargetDomainName">WIN-TESTBOX</Data>
    <Data Name="LogonType">3</Data>
    <Data Name="LogonProcessName">User32</Data>
    <Data Name="AuthenticationPackageName">Kerberos</Data>
  </EventData>
</Event>

</Events>