<Event xmlns="http://schemas.microsoft.com/win/2004/08/events/event">
  <System>
    <Provider Name="Microsoft-Windows-Security-Auditing" Guid="{54849625-5478-4994-a5ba-3e3b0328c30d}" />
    <EventID>4634</EventID>
    <Version>0</Version>
    <Level>0</Level>
    <Task>12544</Task>
    <Opcode>0</Opcode>
    <Keywords>0x8020000000000000</Keywords>
    <TimeCreated SystemTime="2025-04-17T00:37:26.000000Z" />
    <EventRecordID>1045</EventRecordID>
    <Correlation />
    <Execution ProcessID="318" ThreadID="3445" />
    <Channel>Security</Channel>
    <Computer>WIN-TESTBOX</Computer>
    <Security />
  </System>
  <EventData>
    <Data Name="SubjectUserSid">S-1-5-18</Data>
    <Data Name="SubjectUserName">SYSTEM</Data>
    <Data Name="SubjectDomainName">NT AUTHORITY</Data>
    <Data Name="TargetUserSid">S-1-5-21-3269338010</Data>
    <Data Name="TargetUserName">user5</Data>
    <Data Name="TargetDomainName">WIN-TESTBOX</Data>
    <Data Name="LogonType">3</Data>
    <Data Name="LogonProcessName">User32</Data>
    <Data Name="AuthenticationPackageName">Negotiate</Data>
  </EventData>
</Event>

<Event xmlns="http://schemas.microsoft.com/win/2004/08/events/event">
  <System>
    <Provider Name="Microsoft-Windows-Security-Auditing" Guid="{54849625-5478-4994-a5ba-3e3b0328c30d}" />
    <EventID>4625</EventID>
    <Version>0</Version>
    <Level>0</Level>
    <Task>12544</Task>
    <Opcode>0</Opcode>
    <Keywords>0x8020000000000000</Keywords>
    <TimeCreated SystemTime="2025-04-17T00:34:26.000000Z" />
    <EventRecordID>1046</EventRecordID>
    <Correlation />
    <Execution ProcessID="674" ThreadID="6178" />
    <Channel>Security</Channel>
    <Computer>WIN-TESTBOX</Computer>
    <Security />
  </System>
  <EventData>
    <Data Name="SubjectUserSid">S-1-5-18</Data>
    <Data Name="SubjectUserName">SYSTEM</Data>
    <Data Name="SubjectDomainName">NT AUTHORITY</Data>
    <Data Name="TargetUserSid">S-1-5-21-1522804870</Data>
    <Data Name="TargetUserName">user6</Data>
    <Data Name="TargetDomainName">WIN-TESTBOX</Data>
    <Data Name="LogonType">10</Data>
    <Data Name="LogonProcessName">Winlogon</Data>
    <Data Name="AuthenticationPackageName">NTLM</Data>
  </EventData>
</Event>

<Event xmlns="http://schemas.microsoft.com/win/2004/08/events/event">
  <System>
    <Provider Name="Microsoft-Windows-Security-Auditing" Guid="{54849625-5478-4994-a5ba-3e3b0328c30d}" />
    <EventID>4624</EventID>
    <Version>0</Version>
    <Level>0</Level>
    <Task>12544</Task>
    <Opcode>0</Opcode>
    <Keywords>0x8020000000000000</Keywords>
    <TimeCreated SystemTime="2025-04-17T00:31:26.000000Z" />
    <EventRecordID>1047</EventRecordID>
    <Correlation />
    <Execution ProcessID="510" ThreadID="6870" />
    <Channel>Security</Channel>
    <Computer>WIN-TESTBOX</Computer>
    <Security />
  </System>
  <EventData>
    <Data Name="SubjectUserSid">S-1-5-18</Data>
    <Data Name="SubjectUserName">SYSTEM</Data>
    <Data Name="SubjectDomainName">NT AUTHORITY</Data>
    <Data Name="TargetUserSid">S-1-5-21-9420734126</Data>
    <Data Name="TargetUserName">user7</Data>
    <Data Name="TargetDomainName">WIN-TESTBOX</Data>
    <Data Name="LogonType">3</Data>
    <Data Name="LogonProcessName">Winlogon</Data>
    <Data Name="AuthenticationPackageName">NTLM</Data>
  </EventData>
</Event>

<Event xmlns="http://schemas.microsoft.com/win/2004/08/events/event">
  <System>
    <Provider Name="Microsoft-Windows-Security-Auditing" Guid="{54849625-5478-4994-a5ba-3e3b0328c30d}" />
    <EventID>4647</EventID>
    <Version>0</Version>
    <Level>0</Level>
    <Task>12544</Task>
    <Opcode>0</Opcode>
    <Keywords>0x8020000000000000</Keywords>
    <TimeCreated SystemTime="2025-04-17T00:28:26.000000Z" />
    <EventRecordID>1048</EventRecordID>
    <Correlation />
    <Execution ProcessID="890" ThreadID="5335" />
    <Channel>Security</Channel>
    <Computer>WIN-TESTBOX</Computer>
    <Security />
  </System>
  <EventData>
    <Data Name="SubjectUserSid">S-1-5-18</Data>
    <Data Name="SubjectUserName">SYSTEM</Data>
    <Data Name="SubjectDomainName">NT AUTHORITY</Data>
    <Data Name="TargetUserSid">S-1-5-21-4186003211</Data>
    <Data Name="TargetUserName">user8</Data>
    <Data Name="TargetDomainName">WIN-TESTBOX</Data>
    <Data Name="LogonType">10</Data>
    <Data Name="LogonProcessName">User32</Data>
    <Data Name="AuthenticationPackageName">Negotiate</Data>
  </EventData>
</Event>

<Event xmlns="http://schemas.microsoft.com/win/2004/08/events/event">
  <System>
    <Provider Name="Microsoft-Windows-Security-Auditing" Guid="{54849625-5478-4994-a5ba-3e3b0328c30d}" />
    <EventID>4624</EventID>
    <Version>0</Version>
    <Level>0</Level>
    <Task>12544</Task>
    <Opcode>0</Opcode>
    <Keywords>0x8020000000000000</Keywords>
    <TimeCreated SystemTime="2025-04-17T00:25:26.000000Z" />
    <EventRecordID>1049</EventRecordID>
    <Correlation />
    <Execution ProcessID="502" ThreadID="3415" />
    <Channel>Security</Channel>
    <Computer>WIN-TESTBOX</Computer>
    <Security />
  </System>
  <EventData>
    <Data Name="SubjectUserSid">S-1-5-18</Data>
    <Data Name="SubjectUserName">SYSTEM</Data>
    <Data Name="SubjectDomainName">NT AUTHORITY</Data>
    <Data Name="TargetUserSid">S-1-5-21-3147774122</Data>
    <Data Name="TargetUserName">user9</Data>
    <Data Name="TargetDomainName">WIN-TESTBOX</Data>
    <Data Name="LogonType">10</Data>
    <Data Name="LogonProcessName">Advapi</Data>
    <Data Name="AuthenticationPackageName">Negotiate</Data>
  </EventData>
</Event>

<Event xmlns="http://schemas.microsoft.com/win/2004/08/events/event">
  <System>
    <Provider Name="Microsoft-Windows-Security-Auditing" Guid="{54849625-5478-4994-a5ba-3e3b0328c30d}" />
    <EventID>4625</EventID>
    <Version>0</Version>
    <Level>0</Level>
    <Task>12544</Task>
    <Opcode>0</Opcode>
    <Keywords>0x8020000000000000</Keywords>
    <TimeCreated SystemTime="2025-04-17T00:22:26.000000Z" />
    <EventRecordID>1050</EventRecordID>
    <Correlation />
    <Execution ProcessID="653" ThreadID="1887" />
    <Channel>Security</Channel>
    <Computer>WIN-TESTBOX</Computer>
    <Security />
  </System>
  <EventData>
    <Data Name="SubjectUserSid">S-1-5-18</Data>
    <Data Name="SubjectUserName">SYSTEM</Data>
    <Data Name="SubjectDomainName">NT AUTHORITY</Data>
    <Data Name="TargetUserSid">S-1-5-21-8752874557</Data>
    <Data Name="TargetUserName">user0</Data>
    <Data Name="TargetDomainName">WIN-TESTBOX</Data>
    <Data Name="LogonType">2</Data>
    <Data Name="LogonProcessName">Winlogon</Data>
    <Data Name="AuthenticationPackageName">Negotiate</Data>
  </EventData>
</Event>

<Event xmlns="http://schemas.microsoft.com/win/2004/08/events/event">
  <System>
    <Provider Name="Microsoft-Windows-Security-Auditing" Guid="{54849625-5478-4994-a5ba-3e3b0328c30d}" />
    <EventID>4624</EventID>
    <Version>0</Version>
    <Level>0</Level>
    <Task>12544</Task>
    <Opcode>0</Opcode>
    <Keywords>0x8020000000000000</Keywords>
    <TimeCreated SystemTime="2025-04-17T00:19:26.000000Z" />
    <EventRecordID>1051</EventRecordID>
    <Correlation />
    <Execution ProcessID="734" ThreadID="4806" />
    <Channel>Security</Channel>
    <Computer>WIN-TESTBOX</Computer>
    <Security />
  </System>
  <EventData>
    <Data Name="SubjectUserSid">S-1-5-18</Data>
    <Data Name="SubjectUserName">SYSTEM</Data>
    <Data Name="SubjectDomainName">NT AUTHORITY</Data>
    <Data Name="TargetUserSid">S-1-5-21-9128540555</Data>
    <Data Name="TargetUserName">user1</Data>
    <Data Name="TargetDomainName">WIN-TESTBOX</Data>
    <Data Name="LogonType">3</Data>
    <Data Name="LogonProcessName">Advapi</Data>
    <Data Name="AuthenticationPackageName">Negotiate</Data>
  </EventData>
</Event>

<Event xmlns="http://schemas.microsoft.com/win/2004/08/events/event">
  <System>
    <Provider Name="Microsoft-Windows-Security-Auditing" Guid="{54849625-5478-4994-a5ba-3e3b0328c30d}" />
    <EventID>4625</EventID>
    <Version>0</Version>
    <Level>0</Level>
    <Task>12544</Task>
    <Opcode>0</Opcode>
    <Keywords>0x8020000000000000</Keywords>
    <TimeCreated SystemTime="2025-04-17T00:16:26.000000Z" />
    <EventRecordID>1052</EventRecordID>
    <Correlation />
    <Execution ProcessID="865" ThreadID="7510" />
    <Channel>Security</Channel>
    <Computer>WIN-TESTBOX</Computer>
    <Security />
  </System>
  <EventData>
    <Data Name="SubjectUserSid">S-1-5-18</Data>
    <Data Name="SubjectUserName">SYSTEM</Data>
    <Data Name="SubjectDomainName">NT AUTHORITY</Data>
    <Data Name="TargetUserSid">S-1-5-21-9107500835</Data>
    <Data Name="TargetUserName">user2</Data>
    <Data Name="TargetDomainName">WIN-TESTBOX</Data>
    <Data Name="LogonType">10</Data>
    <Data Name="LogonProcessName">User32</Data>
    <Data Name="AuthenticationPackageName">NTLM</Data>
  </EventData>
</Event>

<Event xmlns="http://schemas.microsoft.com/win/2004/08/events/event">
  <System>
    <Provider Name="Microsoft-Windows-Security-Auditing" Guid="{54849625-5478-4994-a5ba-3e3b0328c30d}" />
    <EventID>4624</EventID>
    <Version>0</Version>
    <Level>0</Level>
    <Task>12544</Task>
    <Opcode>0</Opcode>
    <Keywords>0x8020000000000000</Keywords>
    <TimeCreated SystemTime="2025-04-17T00:13:26.000000Z" />
    <EventRecordID>1053</EventRecordID>
    <Correlation />
    <Execution ProcessID="590" ThreadID="9586" />
    <Channel>Security</Channel>
    <Computer>WIN-TESTBOX</Computer>
    <Security />
  </System>
  <EventData>
    <Data Name="SubjectUserSid">S-1-5-18</Data>
    <Data Name="SubjectUserName">SYSTEM</Data>
    <Data Name="SubjectDomainName">NT AUTHORITY</Data>
    <Data Name="TargetUserSid">S-1-5-21-9781878720</Data>
    <Data Name="TargetUserName">user3</Data>
    <Data Name="TargetDomainName">WIN-TESTBOX</Data>
    <Data Name="LogonType">2</Data>
    <Data Name="LogonProcessName">Advapi</Data>
    <Data Name="AuthenticationPackageName">Negotiate</Data>
  </EventData>
</Event>

<Event xmlns="http://schemas.microsoft.com/win/2004/08/events/event">
  <System>
    <Provider Name="Microsoft-Windows-Security-Auditing" Guid="{54849625-5478-4994-a5ba-3e3b0328c30d}" />
    <EventID>4624</EventID>
    <Version>0</Version>
    <Level>0</Level>
    <Task>12544</Task>
    <Opcode>0</Opcode>
    <Keywords>0x8020000000000000</Keywords>
    <TimeCreated SystemTime="2025-04-17T00:10:26.000000Z" />
    <EventRecordID>1054</EventRecordID>
    <Correlation />
    <Execution ProcessID="818" ThreadID="3160" />
    <Channel>Security</Channel>
    <Computer>WIN-TESTBOX</Computer>
    <Security />
  </System>
  <EventData>
    <Data Name="SubjectUserSid">S-1-5-18</Data>
    <Data Name="SubjectUserName">SYSTEM</Data>
    <Data Name="SubjectDomainName">NT AUTHORITY</Data>
    <Data Name="TargetUserSid">S-1-5-21-7593275615</Data>
    <Data Name="TargetUserName">user4</Data>
    <Data Name="TargetDomainName">WIN-TESTBOX</Data>
    <Data Name="LogonType">2</Data>
    <Data Name="LogonProcessName">Winlogon</Data>
    <Data Name="AuthenticationPackageName">Kerberos</Data>
  </EventData>
</Event>

<Event xmlns="http://schemas.microsoft.com/win/2004/08/events/event">
  <System>
    <Provider Name="Microsoft-Windows-Security-Auditing" Guid="{54849625-5478-4994-a5ba-3e3b0328c30d}" />
    <EventID>4625</EventID>
    <Version>0</Version>
    <Level>0</Level>
    <Task>12544</Task>
    <Opcode>0</Opcode>
    <Keywords>0x8020000000000000</Keywords>
    <TimeCreated SystemTime="2025-04-17T00:07:26.000000Z" />
    <EventRecordID>1055</EventRecordID>
    <Correlation />
    <Execution ProcessID="452" ThreadID="2471" />
    <Channel>Security</Channel>
    <Computer>WIN-TESTBOX</Computer>
    <Security />
  </System>
  <EventData>
    <Data Name="SubjectUserSid">S-1-5-18</Data>
    <Data Name="SubjectUserName">SYSTEM</Data>
    <Data Name="SubjectDomainName">NT AUTHORITY</Data>
    <Data Name="TargetUserSid">S-1-5-21-9021194022</Data>
    <Data Name="TargetUserName">user5</Data>
    <Data Name="TargetDomainName">WIN-TESTBOX</Data>
    <Data Name="LogonType">3</Data>
    <Data Name="LogonProcessName">User32</Data>
    <Data Name="AuthenticationPackageName">NTLM</Data>
  </EventData>
</Event>

<Event xmlns="http://schemas.microsoft.com/win/2004/08/events/event">
  <System>
    <Provider Name="Microsoft-Windows-Security-Auditing" Guid="{54849625-5478-4994-a5ba-3e3b0328c30d}" />
    <EventID>4634</EventID>
    <Version>0</Version>
    <Level>0</Level>
    <Task>12544</Task>
    <Opcode>0</Opcode>
    <Keywords>0x8020000000000000</Keywords>
    <TimeCreated SystemTime="2025-04-17T00:04:26.000000Z" />
    <EventRecordID>1056</EventRecordID>
    <Correlation />
    <Execution ProcessID="770" ThreadID="8373" />
    <Channel>Security</Channel>
    <Computer>WIN-TESTBOX</Computer>
    <Security />
  </System>
  <EventData>
    <Data Name="SubjectUserSid">S-1-5-18</Data>
    <Data Name="SubjectUserName">SYSTEM</Data>
    <Data Name="SubjectDomainName">NT AUTHORITY</Data>
    <Data Name="TargetUserSid">S-1-5-21-6876559061</Data>
    <Data Name="TargetUserName">user6</Data>
    <Data Name="TargetDomainName">WIN-TESTBOX</Data>
    <Data Name="LogonType">3</Data>
    <Data Name="LogonProcessName">User32</Data>
    <Data Name="AuthenticationPackageName">Kerberos</Data>
  </EventData>
</Event>

<Event xmlns="http://schemas.microsoft.com/win/2004/08/events/event">
  <System>
    <Provider Name="Microsoft-Windows-Security-Auditing" Guid="{54849625-5478-4994-a5ba-3e3b0328c30d}" />
    <EventID>4634</EventID>
    <Version>0</Version>
    <Level>0</Level>
    <Task>12544</Task>
    <Opcode>0</Opcode>
    <Keywords>0x8020000000000000</Keywords>
    <TimeCreated SystemTime="2025-04-17T00:01:26.000000Z" />
    <EventRecordID>1057</EventRecordID>
    <Correlation />
    <Execution ProcessID="370" ThreadID="7443" />
    <Channel>Security</Channel>
    <Computer>WIN-TESTBOX</Computer>
    <Security />
  </System>
  <EventData>
    <Data Name="SubjectUserSid">S-1-5-18</Data>
    <Data Name="SubjectUserName">SYSTEM</Data>
    <Data Name="SubjectDomainName">NT AUTHORITY</Data>
    <Data Name="TargetUserSid">S-1-5-21-1623123573</Data>
    <Data Name="TargetUserName">user7</Data>
    <Data Name="TargetDomainName">WIN-TESTBOX</Data>
    <Data Name="LogonType">3</Data>
    <Data Name="LogonProcessName">Advapi</Data>
    <Data Name="AuthenticationPackageName">Kerberos</Data>
  </EventData>
</Event>

<Event xmlns="http://schemas.microsoft.com/win/2004/08/events/event">
  <System>
    <Provider Name="Microsoft-Windows-Security-Auditing" Guid="{54849625-5478-4994-a5ba-3e3b0328c30d}" />
    <EventID>4647</EventID>
    <Version>0</Version>
    <Level>0</Level>
    <Task>12544</Task>
    <Opcode>0</Opcode>
    <Keywords>0x8020000000000000</Keywords>
    <TimeCreated SystemTime="2025-04-16T23:58:26.000000Z" />
    <EventRecordID>1058</EventRecordID>
    <Correlation />
    <Execution ProcessID="934" ThreadID="5029" />
    <Channel>Security</Channel>
    <Computer>WIN-TESTBOX</Computer>
    <Security />
  </System>
  <EventData>
    <Data Name="SubjectUserSid">S-1-5-18</Data>
    <Data Name="SubjectUserName">SYSTEM</Data>
    <Data Name="SubjectDomainName">NT AUTHORITY</Data>
    <Data Name="TargetUserSid">S-1-5-21-6851064867</Data>
    <Data Name="TargetUserName">user8</Data>
    <Data Name="TargetDomainName">WIN-TESTBOX</Data>
    <Data Name="LogonType">3</Data>
    <Data Name="LogonProcessName">Winlogon</Data>
    <Data Name="AuthenticationPackageName">Negotiate</Data>
  </EventData>
</Event>

<Event xmlns="http://schemas.microsoft.com/win/2004/08/events/event">
  <System>
    <Provider Name="Microsoft-Windows-Security-Auditing" Guid="{54849625-5478-4994-a5ba-3e3b0328c30d}" />
    <EventID>4624</EventID>
    <Version>0</Version>
    <Level>0</Level>
    <Task>12544</Task>
    <Opcode>0</Opcode>
    <Keywords>0x8020000000000000</Keywords>
    <TimeCreated SystemTime="2025-04-16T23:55:26.000000Z" />
    <EventRecordID>1059</EventRecordID>
    <Correlation />
    <Execution ProcessID="809" ThreadID="3143" />
    <Channel>Security</Channel>
    <Computer>WIN-TESTBOX</Computer>
    <Security />
  </System>
  <EventData>
    <Data Name="SubjectUserSid">S-1-5-18</Data>
    <Data Name="SubjectUserName">SYSTEM</Data>
    <Data Name="SubjectDomainName">NT AUTHORITY</Data>
    <Data Name="TargetUserSid">S-1-5-21-4032761065</Data>
    <Data Name="TargetUserName">user9</Data>
    <Data Name="TargetDomainName">WIN-TESTBOX</Data>
    <Data Name="LogonType">3</Data>
    <Data Name="LogonProcessName">Winlogon</Data>
    <Data Name="AuthenticationPackageName">Kerberos</Data>
  </EventData>
</Event>

<Event xmlns="http://schemas.microsoft.com/win/2004/08/events/event">
  <System>
    <Provider Name="Microsoft-Windows-Security-Auditing" Guid="{54849625-5478-4994-a5ba-3e3b0328c30d}" />
    <EventID>4625</EventID>
    <Version>0</Version>
    <Level>0</Level>
    <Task>12544</Task>
    <Opcode>0</Opcode>
    <Keywords>0x8020000000000000</Keywords>
    <TimeCreated SystemTime="2025-04-16T23:52:26.000000Z" />
    <EventRecordID>1060</EventRecordID>
    <Correlation />
    <Execution ProcessID="243" ThreadID="6307" />
    <Channel>Security</Channel>
    <Computer>WIN-TESTBOX</Computer>
    <Security />
  </System>
  <EventData>
    <Data Name="SubjectUserSid">S-1-5-18</Data>
    <Data Name="SubjectUserName">SYSTEM</Data>
    <Data Name="SubjectDomainName">NT AUTHORITY</Data>
    <Data Name="TargetUserSid">S-1-5-21-8567755533</Data>
    <Data Name="TargetUserName">user0</Data>
    <Data Name="TargetDomainName">WIN-TESTBOX</Data>
    <Data Name="LogonType">2</Data>
    <Data Name="LogonProcessName">Winlogon</Data>
    <Data Name="AuthenticationPackageName">Negotiate</Data>
  </EventData>
</Event>

<Event xmlns="http://schemas.microsoft.com/win/2004/08/events/event">
  <System>
    <Provider Name="Microsoft-Windows-Security-Auditing" Guid="{54849625-5478-4994-a5ba-3e3b0328c30d}" />
    <EventID>4634</EventID>
    <Version>0</Version>
    <Level>0</Level>
    <Task>12544</Task>
    <Opcode>0</Opcode>
    <Keywords>0x8020000000000000</Keywords>
    <TimeCreated SystemTime="2025-04-16T23:49:26.000000Z" />
    <EventRecordID>1061</EventRecordID>
    <Correlation />
    <Execution ProcessID="861" ThreadID="8245" />
    <Channel>Security</Channel>
    <Computer>WIN-TESTBOX</Computer>
    <Security />
  </System>
  <EventData>
    <Data Name="SubjectUserSid">S-1-5-18</Data>
    <Data Name="SubjectUserName">SYSTEM</Data>
    <Data Name="SubjectDomainName">NT AUTHORITY</Data>
    <Data Name="TargetUserSid">S-1-5-21-4393231691</Data>
    <Data Name="TargetUserName">user1</Data>
    <Data Name="TargetDomainName">WIN-TESTBOX</Data>
    <Data Name="LogonType">2</Data>
    <Data Name="LogonProcessName">Advapi</Data>
    <Data Name="AuthenticationPackageName">NTLM</Data>
  </EventData>
</Event>

<Event xmlns="http://schemas.microsoft.com/win/2004/08/events/event">
  <System>
    <Provider Name="Microsoft-Windows-Security-Auditing" Guid="{54849625-5478-4994-a5ba-3e3b0328c30d}" />
    <EventID>4624</EventID>
    <Version>0</Version>
    <Level>0</Level>
    <Task>12544</Task>
    <Opcode>0</Opcode>
    <Keywords>0x8020000000000000</Keywords>
    <TimeCreated SystemTime="2025-04-16T23:46:26.000000Z" />
    <EventRecordID>1062</EventRecordID>
    <Correlation />
    <Execution ProcessID="533" ThreadID="8705" />
    <Channel>Security</Channel>
    <Computer>WIN-TESTBOX</Computer>
    <Security />
  </System>
  <EventData>
    <Data Name="SubjectUserSid">S-1-5-18</Data>
    <Data Name="SubjectUserName">SYSTEM</Data>
    <Data Name="SubjectDomainName">NT AUTHORITY</Data>
    <Data Name="TargetUserSid">S-1-5-21-2383028582</Data>
    <Data Name="TargetUserName">user2</Data>
    <Data Name="TargetDomainName">WIN-TESTBOX</Data>
    <Data Name="LogonType">3</Data>
    <Data Name="LogonProcessName">Winlogon</Data>
    <Data Name="AuthenticationPackageName">Kerberos</Data>
  </EventData>
</Event>

<Event xmlns="http://schemas.microsoft.com/win/2004/08/events/event">
  <System>
    <Provider Name="Microsoft-Windows-Security-Auditing" Guid="{54849625-5478-4994-a5ba-3e3b0328c30d}" />
    <EventID>4625</EventID>
    <Version>0</Version>
    <Level>0</Level>
    <Task>12544</Task>
    <Opcode>0</Opcode>
    <Keywords>0x8020000000000000</Keywords>
    <TimeCreated SystemTime="2025-04-16T23:43:26.000000Z" />
    <EventRecordID>1063</EventRecordID>
    <Correlation />
    <Execution ProcessID="658" ThreadID="1074" />
    <Channel>Security</Channel>
    <Computer>WIN-TESTBOX</Computer>
    <Security />
  </System>
  <EventData>
    <Data Name="SubjectUserSid">S-1-5-18</Data>
    <Data Name="SubjectUserName">SYSTEM</Data>
    <Data Name="SubjectDomainName">NT AUTHORITY</Data>
    <Data Name="TargetUserSid">S-1-5-21-8696352224</Data>
    <Data Name="TargetUserName">user3</Data>
    <Data Name="TargetDomainName">WIN-TESTBOX</Data>
    <Data Name="LogonType">10</Data>
    <Data Name="LogonProcessName">Advapi</Data>
    <Data Name="AuthenticationPackageName">Negotiate</Data>
  </EventData>
</Event>

<Event xmlns="http://schemas.microsoft.com/win/2004/08/events/event">
  <System>
    <Provider Name="Microsoft-Windows-Security-Auditing" Guid="{54849625-5478-4994-a5ba-3e3b0328c30d}" />
    <EventID>4647</EventID>
    <Version>0</Version>
    <Level>0</Level>
    <Task>12544</Task>
    <Opcode>0</Opcode>
    <Keywords>0x8020000000000000</Keywords>
    <TimeCreated SystemTime="2025-04-16T23:40:26.000000Z" />
    <EventRecordID>1064</EventRecordID>
    <Correlation />
    <Execution ProcessID="255" ThreadID="2991" />
    <Channel>Security</Channel>
    <Computer>WIN-TESTBOX</Computer>
    <Security />
  </System>
  <EventData>
    <Data Name="SubjectUserSid">S-1-5-18</Data>
    <Data Name="SubjectUserName">SYSTEM</Data>
    <Data Name="SubjectDomainName">NT AUTHORITY</Data>
    <Data Name="TargetUserSid">S-1-5-21-6314543368</Data>
    <Data Name="TargetUserName">user4</Data>
    <Data Name="TargetDomainName">WIN-TESTBOX</Data>
    <Data Name="LogonType">3</Data>
    <Data Name="LogonProcessName">User32</Data>
    <Data Name="AuthenticationPackageName">NTLM</Data>
  </EventData>
</Event>

<Event xmlns="http://schemas.microsoft.com/win/2004/08/events/event">
  <System>
    <Provider Name="Microsoft-Windows-Security-Auditing" Guid="{54849625-5478-4994-a5ba-3e3b0328c30d}" />
    <EventID>4634</EventID>
    <Version>0</Version>
    <Level>0</Level>
    <Task>12544</Task>
    <Opcode>0</Opcode>
    <Keywords>0x8020000000000000</Keywords>
    <TimeCreated SystemTime="2025-04-16T23:37:26.000000Z" />
    <EventRecordID>1065</EventRecordID>
    <Correlation />
    <Execution ProcessID="101" ThreadID="4805" />
    <Channel>Security</Channel>
    <Computer>WIN-TESTBOX</Computer>
    <Security />
  </System>
  <EventData>
    <Data Name="SubjectUserSid">S-1-5-18</Data>
    <Data Name="SubjectUserName">SYSTEM</Data>
    <Data Name="SubjectDomainName">NT AUTHORITY</Data>
    <Data Name="TargetUserSid">S-1-5-21-5702563471</Data>
    <Data Name="TargetUserName">user5</Data>
    <Data Name="TargetDomainName">WIN-TESTBOX</Data>
    <Data Name="LogonType">10</Data>
    <Data Name="LogonProcessName">User32</Data>
    <Data Name="AuthenticationPackageName">Negotiate</Data>
  </EventData>
</Event>

<Event xmlns="http://schemas.microsoft.com/win/2004/08/events/event">
  <System>
    <Provider Name="Microsoft-Windows-Security-Auditing" Guid="{54849625-5478-4994-a5ba-3e3b0328c30d}" />
    <EventID>4625</EventID>
    <Version>0</Version>
    <Level>0</Level>
    <Task>12544</Task>
    <Opcode>0</Opcode>
    <Keywords>0x8020000000000000</Keywords>
    <TimeCreated SystemTime="2025-04-16T23:34:26.000000Z" />
    <EventRecordID>1066</EventRecordID>
    <Correlation />
    <Execution ProcessID="117" ThreadID="6115" />
    <Channel>Security</Channel>
    <Computer>WIN-TESTBOX</Computer>
    <Security />
  </System>
  <EventData>
    <Data Name="SubjectUserSid">S-1-5-18</Data>
    <Data Name="SubjectUserName">SYSTEM</Data>
    <Data Name="SubjectDomainName">NT AUTHORITY</Data>
    <Data Name="TargetUserSid">S-1-5-21-9527885389</Data>
    <Data Name="TargetUserName">user6</Data>
    <Data Name="TargetDomainName">WIN-TESTBOX</Data>
    <Data Name="LogonType">3</Data>
    <Data Name="LogonProcessName">Advapi</Data>
    <Data Name="AuthenticationPackageName">Kerberos</Data>
  </EventData>
</Event>

<Event xmlns="http://schemas.microsoft.com/win/2004/08/events/event">
  <System>
    <Provider Name="Microsoft-Windows-Security-Auditing" Guid="{54849625-5478-4994-a5ba-3e3b0328c30d}" />
    <EventID>4647</EventID>
    <Version>0</Version>
    <Level>0</Level>
    <Task>12544</Task>
    <Opcode>0</Opcode>
    <Keywords>0x8020000000000000</Keywords>
    <TimeCreated SystemTime="2025-04-16T23:31:26.000000Z" />
    <EventRecordID>1067</EventRecordID>
    <Correlation />
    <Execution ProcessID="760" ThreadID="2861" />
    <Channel>Security</Channel>
    <Computer>WIN-TESTBOX</Computer>
    <Security />
  </System>
  <EventData>
    <Data Name="SubjectUserSid">S-1-5-18</Data>
    <Data Name="SubjectUserName">SYSTEM</Data>
    <Data Name="SubjectDomainName">NT AUTHORITY</Data>
    <Data Name="TargetUserSid">S-1-5-21-4991738488</Data>
    <Data Name="TargetUserName">user7</Data>
    <Data Name="TargetDomainName">WIN-TESTBOX</Data>
    <Data Name="LogonType">2</Data>
    <Data Name="LogonProcessName">Winlogon</Data>
    <Data Name="AuthenticationPackageName">Negotiate</Data>
  </EventData>
</Event>

<Event xmlns="http://schemas.microsoft.com/win/2004/08/events/event">
  <System>
    <Provider Name="Microsoft-Windows-Security-Auditing" Guid="{54849625-5478-4994-a5ba-3e3b0328c30d}" />
    <EventID>4634</EventID>
    <Version>0</Version>
    <Level>0</Level>
    <Task>12544</Task>
    <Opcode>0</Opcode>
    <Keywords>0x8020000000000000</Keywords>
    <TimeCreated SystemTime="2025-04-16T23:28:26.000000Z" />
    <EventRecordID>1068</EventRecordID>
    <Correlation />
    <Execution ProcessID="949" ThreadID="1281" />
    <Channel>Security</Channel>
    <Computer>WIN-TESTBOX</Computer>
    <Security />
  </System>
  <EventData>
    <Data Name="SubjectUserSid">S-1-5-18</Data>
    <Data Name="SubjectUserName">SYSTEM</Data>
    <Data Name="SubjectDomainName">NT AUTHORITY</Data>
    <Data Name="TargetUserSid">S-1-5-21-9084285925</Data>
    <Data Name="TargetUserName">user8</Data>
    <Data Name="TargetDomainName">WIN-TESTBOX</Data>
    <Data Name="LogonType">10</Data>
    <Data Name="LogonProcessName">User32</Data>
    <Data Name="AuthenticationPackageName">NTLM</Data>
  </EventData>
</Event>

<Event xmlns="http://schemas.microsoft.com/win/2004/08/events/event">
  <System>
    <Provider Name="Microsoft-Windows-Security-Auditing" Guid="{54849625-5478-4994-a5ba-3e3b0328c30d}" />
    <EventID>4647</EventID>
    <Version>0</Version>
    <Level>0</Level>
    <Task>12544</Task>
    <Opcode>0</Opcode>
    <Keywords>0x8020000000000000</Keywords>
    <TimeCreated SystemTime="2025-04-16T23:25:26.000000Z" />
    <EventRecordID>1069</EventRecordID>
    <Correlation />
    <Execution ProcessID="527" ThreadID="8019" />
    <Channel>Security</Channel>
    <Computer>WIN-TESTBOX</Computer>
    <Security />
  </System>
  <EventData>
    <Data Name="SubjectUserSid">S-1-5-18</Data>
    <Data Name="SubjectUserName">SYSTEM</Data>
    <Data Name="SubjectDomainName">NT AUTHORITY</Data>
    <Data Name="TargetUserSid">S-1-5-21-8691040722</Data>
    <Data Name="TargetUserName">user9</Data>
    <Data Name="TargetDomainName">WIN-TESTBOX</Data>
    <Data Name="LogonType">2</Data>
    <Data Name="LogonProcessName">Winlogon</Data>
    <Data Name="AuthenticationPackageName">Negotiate</Data>
  </EventData>
</Event>

<Event xmlns="http://schemas.microsoft.com/win/2004/08/events/event">
  <System>
    <Provider Name="Microsoft-Windows-Security-Auditing" Guid="{54849625-5478-4994-a5ba-3e3b0328c30d}" />
    <EventID>4624</EventID>
    <Version>0</Version>
    <Level>0</Level>
    <Task>12544</Task>
    <Opcode>0</Opcode>
    <Keywords>0x8020000000000000</Keywords>
    <TimeCreated SystemTime="2025-04-16T23:22:26.000000Z" />
    <EventRecordID>1070</EventRecordID>
    <Correlation />
    <Execution ProcessID="252" ThreadID="7129" />
    <Channel>Security</Channel>
    <Computer>WIN-TESTBOX</Computer>
    <Security />
  </System>
  <EventData>
    <Data Name="SubjectUserSid">S-1-5-18</Data>
    <Data Name="SubjectUserName">SYSTEM</Data>
    <Data Name="SubjectDomainName">NT AUTHORITY</Data>
    <Data Name="TargetUserSid">S-1-5-21-5300855802</Data>
    <Data Name="TargetUserName">user0</Data>
    <Data Name="TargetDomainName">WIN-TESTBOX</Data>
    <Data Name="LogonType">2</Data>
    <Data Name="LogonProcessName">Advapi</Data>
    <Data Name="AuthenticationPackageName">Negotiate</Data>
  </EventData>
</Event>

<Event xmlns="http://schemas.microsoft.com/win/2004/08/events/event">
  <System>
    <Provider Name="Microsoft-Windows-Security-Auditing" Guid="{54849625-5478-4994-a5ba-3e3b0328c30d}" />
    <EventID>4625</EventID>
    <Version>0</Version>
    <Level>0</Level>
    <Task>12544</Task>
    <Opcode>0</Opcode>
    <Keywords>0x8020000000000000</Keywords>
    <TimeCreated SystemTime="2025-04-16T23:19:26.000000Z" />
    <EventRecordID>1071</EventRecordID>
    <Correlation />
    <Execution ProcessID="264" ThreadID="2348" />
    <Channel>Security</Channel>
    <Computer>WIN-TESTBOX</Computer>
    <Security />
  </System>
  <EventData>
    <Data Name="SubjectUserSid">S-1-5-18</Data>
    <Data Name="SubjectUserName">SYSTEM</Data>
    <Data Name="SubjectDomainName">NT AUTHORITY</Data>
    <Data Name="TargetUserSid">S-1-5-21-4709507124</Data>
    <Data Name="TargetUserName">user1</Data>
    <Data Name="TargetDomainName">WIN-TESTBOX</Data>
    <Data Name="LogonType">3</Data>
    <Data Name="LogonProcessName">Winlogon</Data>
    <Data Name="AuthenticationPackageName">Kerberos</Data>
  </EventData>
</Event>

<Event xmlns="http://schemas.microsoft.com/win/2004/08/events/event">
  <System>
    <Provider Name="Microsoft-Windows-Security-Auditing" Guid="{54849625-5478-4994-a5ba-3e3b0328c30d}" />
    <EventID>4647</EventID>
    <Version>0</Version>
    <Level>0</Level>
    <Task>12544</Task>
    <Opcode>0</Opcode>
    <Keywords>0x8020000000000000</Keywords>
    <TimeCreated SystemTime="2025-04-16T23:16:26.000000Z" />
    <EventRecordID>1072</EventRecordID>
    <Correlation />
    <Execution ProcessID="579" ThreadID="7570" />
    <Channel>Security</Channel>
    <Computer>WIN-TESTBOX</Computer>
    <Security />
  </System>
  <EventData>
    <Data Name="SubjectUserSid">S-1-5-18</Data>
    <Data Name="SubjectUserName">SYSTEM</Data>
    <Data Name="SubjectDomainName">NT AUTHORITY</Data>
    <Data Name="TargetUserSid">S-1-5-21-2346484754</Data>
    <Data Name="TargetUserName">user2</Data>
    <Data Name="TargetDomainName">WIN-TESTBOX</Data>
    <Data Name="LogonType">2</Data>
    <Data Name="LogonProcessName">Advapi</Data>
    <Data Name="AuthenticationPackageName">NTLM</Data>
  </EventData>
</Event>

<Event xmlns="http://schemas.microsoft.com/win/2004/08/events/event">
  <System>
    <Provider Name="Microsoft-Windows-Security-Auditing" Guid="{54849625-5478-4994-a5ba-3e3b0328c30d}" />
    <EventID>4634</EventID>
    <Version>0</Version>
    <Level>0</Level>
    <Task>12544</Task>
    <Opcode>0</Opcode>
    <Keywords>0x8020000000000000</Keywords>
    <TimeCreated SystemTime="2025-04-16T23:13:26.000000Z" />
    <EventRecordID>1073</EventRecordID>
    <Correlation />
    <Execution ProcessID="541" ThreadID="7132" />
    <Channel>Security</Channel>
    <Computer>WIN-TESTBOX</Computer>
    <Security />
  </System>
  <EventData>
    <Data Name="SubjectUserSid">S-1-5-18</Data>
    <Data Name="SubjectUserName">SYSTEM</Data>
    <Data Name="SubjectDomainName">NT AUTHORITY</Data>
    <Data Name="TargetUserSid">S-1-5-21-1729321521</Data>
    <Data Name="TargetUserName">user3</Data>
    <Data Name="TargetDomainName">WIN-TESTBOX</Data>
    <Data Name="LogonType">2</Data>
    <Data Name="LogonProcessName">User32</Data>
    <Data Name="AuthenticationPackageName">Negotiate</Data>
  </EventData>
</Event>

<Event xmlns="http://schemas.microsoft.com/win/2004/08/events/event">
  <System>
    <Provider Name="Microsoft-Windows-Security-Auditing" Guid="{54849625-5478-4994-a5ba-3e3b0328c30d}" />
    <EventID>4624</EventID>
    <Version>0</Version>
    <Level>0</Level>
    <Task>12544</Task>
    <Opcode>0</Opcode>
    <Keywords>0x8020000000000000</Keywords>
    <TimeCreated SystemTime="2025-04-16T23:10:26.000000Z" />
    <EventRecordID>1074</EventRecordID>
    <Correlation />
    <Execution ProcessID="692" ThreadID="7643" />
    <Channel>Security</Channel>
    <Computer>WIN-TESTBOX</Computer>
    <Security />
  </System>
  <EventData>
    <Data Name="SubjectUserSid">S-1-5-18</Data>
    <Data Name="SubjectUserName">SYSTEM</Data>
    <Data Name="SubjectDomainName">NT AUTHORITY</Data>
    <Data Name="TargetUserSid">S-1-5-21-1017582073</Data>
    <Data Name="TargetUserName">user4</Data>
    <Data Name="TargetDomainName">WIN-TESTBOX</Data>
    <Data Name="LogonType">2</Data>
    <Data Name="LogonProcessName">Winlogon</Data>
    <Data Name="AuthenticationPackageName">Kerberos</Data>
  </EventData>
</Event>

<Event xmlns="http://schemas.microsoft.com/win/2004/08/events/event">
  <System>
    <Provider Name="Microsoft-Windows-Security-Auditing" Guid="{54849625-5478-4994-a5ba-3e3b0328c30d}" />
    <EventID>4625</EventID>
    <Version>0</Version>
    <Level>0</Level>
    <Task>12544</Task>
    <Opcode>0</Opcode>
    <Keywords>0x8020000000000000</Keywords>
    <TimeCreated SystemTime="2025-04-16T23:07:26.000000Z" />
    <EventRecordID>1075</EventRecordID>
    <Correlation />
    <Execution ProcessID="104" ThreadID="1306" />
    <Channel>Security</Channel>
    <Computer>WIN-TESTBOX</Computer>
    <Security />
  </System>
  <EventData>
    <Data Name="SubjectUserSid">S-1-5-18</Data>
    <Data Name="SubjectUserName">SYSTEM</Data>
    <Data Name="SubjectDomainName">NT AUTHORITY</Data>
    <Data Name="TargetUserSid">S-1-5-21-5614114619</Data>
    <Data Name="TargetUserName">user5</Data>
    <Data Name="TargetDomainName">WIN-TESTBOX</Data>
    <Data Name="LogonType">2</Data>
    <Data Name="LogonProcessName">Winlogon</Data>
    <Data Name="AuthenticationPackageName">Negotiate</Data>
  </EventData>
</Event>

<Event xmlns="http://schemas.microsoft.com/win/2004/08/events/event">
  <System>
    <Provider Name="Microsoft-Windows-Security-Auditing" Guid="{54849625-5478-4994-a5ba-3e3b0328c30d}" />
    <EventID>4634</EventID>
    <Version>0</Version>
    <Level>0</Level>
    <Task>12544</Task>
    <Opcode>0</Opcode>
    <Keywords>0x8020000000000000</Keywords>
    <TimeCreated SystemTime="2025-04-16T23:04:26.000000Z" />
    <EventRecordID>1076</EventRecordID>
    <Correlation />
    <Execution ProcessID="231" ThreadID="7956" />
    <Channel>Security</Channel>
    <Computer>WIN-TESTBOX</Computer>
    <Security />
  </System>
  <EventData>
    <Data Name="SubjectUserSid">S-1-5-18</Data>
    <Data Name="SubjectUserName">SYSTEM</Data>
    <Data Name="SubjectDomainName">NT AUTHORITY</Data>
    <Data Name="TargetUserSid">S-1-5-21-6050269461</Data>
    <Data Name="TargetUserName">user6</Data>
    <Data Name="TargetDomainName">WIN-TESTBOX</Data>
    <Data Name="LogonType">3</Data>
    <Data Name="LogonProcessName">User32</Data>
    <Data Name="AuthenticationPackageName">Kerberos</Data>
  </EventData>
</Event>

<Event xmlns="http://schemas.microsoft.com/win/2004/08/events/event">
  <System>
    <Provider Name="Microsoft-Windows-Security-Auditing" Guid="{54849625-5478-4994-a5ba-3e3b0328c30d}" />
    <EventID>4624</EventID>
    <Version>0</Version>
    <Level>0</Level>
    <Task>12544</Task>
    <Opcode>0</Opcode>
    <Keywords>0x8020000000000000</Keywords>
    <TimeCreated SystemTime="2025-04-16T23:01:26.000000Z" />
    <EventRecordID>1077</EventRecordID>
    <Correlation />
    <Execution ProcessID="263" ThreadID="3221" />
    <Channel>Security</Channel>
    <Computer>WIN-TESTBOX</Computer>
    <Security />
  </System>
  <EventData>
    <Data Name="SubjectUserSid">S-1-5-18</Data>
    <Data Name="SubjectUserName">SYSTEM</Data>
    <Data Name="SubjectDomainName">NT AUTHORITY</Data>
    <Data Name="TargetUserSid">S-1-5-21-3533106299</Data>
    <Data Name="TargetUserName">user7</Data>
    <Data Name="TargetDomainName">WIN-TESTBOX</Data>
    <Data Name="LogonType">2</Data>
    <Data Name="LogonProcessName">User32</Data>
    <Data Name="AuthenticationPackageName">Kerberos</Data>
  </EventData>
</Event>

<Event xmlns="http://schemas.microsoft.com/win/2004/08/events/event">
  <System>
    <Provider Name="Microsoft-Windows-Security-Auditing" Guid="{54849625-5478-4994-a5ba-3e3b0328c30d}" />
    <EventID>4625</EventID>
    <Version>0</Version>
    <Level>0</Level>
    <Task>12544</Task>
    <Opcode>0</Opcode>
    <Keywords>0x8020000000000000</Keywords>
    <TimeCreated SystemTime="2025-04-16T22:58:26.000000Z" />
    <EventRecordID>1078</EventRecordID>
    <Correlation />
    <Execution ProcessID="160" ThreadID="8543" />
    <Channel>Security</Channel>
    <Computer>WIN-TESTBOX</Computer>
    <Security />
  </System>
  <EventData>
    <Data Name="SubjectUserSid">S-1-5-18</Data>
    <Data Name="SubjectUserName">SYSTEM</Data>
    <Data Name="SubjectDomainName">NT AUTHORITY</Data>
    <Data Name="TargetUserSid">S-1-5-21-3559465656</Data>
    <Data Name="TargetUserName">user8</Data>
    <Data Name="TargetDomainName">WIN-TESTBOX</Data>
    <Data Name="LogonType">2</Data>
    <Data Name="LogonProcessName">Advapi</Data>
    <Data Name="AuthenticationPackageName">Negotiate</Data>
  </EventData>
</Event>

<Event xmlns="http://schemas.microsoft.com/win/2004/08/events/event">
  <System>
    <Provider Name="Microsoft-Windows-Security-Auditing" Guid="{54849625-5478-4994-a5ba-3e3b0328c30d}" />
    <EventID>4647</EventID>
    <Version>0</Version>
    <Level>0</Level>
    <Task>12544</Task>
    <Opcode>0</Opcode>
    <Keywords>0x8020000000000000</Keywords>
    <TimeCreated SystemTime="2025-04-16T22:55:26.000000Z" />
    <EventRecordID>1079</EventRecordID>
    <Correlation />
    <Execution ProcessID="616" ThreadID="1763" />
    <Channel>Security</Channel>
    <Computer>WIN-TESTBOX</Computer>
    <Security />
  </System>
  <EventData>
    <Data Name="SubjectUserSid">S-1-5-18</Data>
    <Data Name="SubjectUserName">SYSTEM</Data>
    <Data Name="SubjectDomainName">NT AUTHORITY</Data>
    <Data Name="TargetUserSid">S-1-5-21-1468368196</Data>
    <Data Name="TargetUserName">user9</Data>
    <Data Name="TargetDomainName">WIN-TESTBOX</Data>
    <Data Name="LogonType">10</Data>
    <Data Name="LogonProcessName">Winlogon</Data>
    <Data Name="AuthenticationPackageName">Negotiate</Data>
  </EventData>
</Event>

<Event xmlns="http://schemas.microsoft.com/win/2004/08/events/event">
  <System>
    <Provider Name="Microsoft-Windows-Security-Auditing" Guid="{54849625-5478-4994-a5ba-3e3b0328c30d}" />
    <EventID>4647</EventID>
    <Version>0</Version>
    <Level>0</Level>
    <Task>12544</Task>
    <Opcode>0</Opcode>
    <Keywords>0x8020000000000000</Keywords>
    <TimeCreated SystemTime="2025-04-16T22:52:26.000000Z" />
    <EventRecordID>1080</EventRecordID>
    <Correlation />
    <Execution ProcessID="963" ThreadID="5095" />
    <Channel>Security</Channel>
    <Computer>WIN-TESTBOX</Computer>
    <Security />
  </System>
  <EventData>
    <Data Name="SubjectUserSid">S-1-5-18</Data>
    <Data Name="SubjectUserName">SYSTEM</Data>
    <Data Name="SubjectDomainName">NT AUTHORITY</Data>
    <Data Name="TargetUserSid">S-1-5-21-1297108992</Data>
    <Data Name="TargetUserName">user0</Data>
    <Data Name="TargetDomainName">WIN-TESTBOX</Data>
    <Data Name="LogonType">3</Data>
    <Data Name="LogonProcessName">User32</Data>
    <Data Name="AuthenticationPackageName">Kerberos</Data>
  </EventData>
</Event>

<Event xmlns="http://schemas.microsoft.com/win/2004/08/events/event">
  <System>
    <Provider Name="Microsoft-Windows-Security-Auditing" Guid="{54849625-5478-4994-a5ba-3e3b0328c30d}" />
    <EventID>4634</EventID>
    <Version>0</Version>
    <Level>0</Level>
    <Task>12544</Task>
    <Opcode>0</Opcode>
    <Keywords>0x8020000000000000</Keywords>
    <TimeCreated SystemTime="2025-04-16T22:49:26.000000Z" />
    <EventRecordID>1081</EventRecordID>
    <Correlation />
    <Execution ProcessID="267" ThreadID="9842" />
    <Channel>Security</Channel>
    <Computer>WIN-TESTBOX</Computer>
    <Security />
  </System>
  <EventData>
    <Data Name="SubjectUserSid">S-1-5-18</Data>
    <Data Name="SubjectUserName">SYSTEM</Data>
    <Data Name="SubjectDomainName">NT AUTHORITY</Data>
    <Data Name="TargetUserSid">S-1-5-21-5760659986</Data>
    <Data Name="TargetUserName">user1</Data>
    <Data Name="TargetDomainName">WIN-TESTBOX</Data>
    <Data Name="LogonType">2</Data>
    <Data Name="LogonProcessName">Winlogon</Data>
    <Data Name="AuthenticationPackageName">Kerberos</Data>
  </EventData>
</Event>

<Event xmlns="http://schemas.microsoft.com/win/2004/08/events/event">
  <System>
    <Provider Name="Microsoft-Windows-Security-Auditing" Guid="{54849625-5478-4994-a5ba-3e3b0328c30d}" />
    <EventID>4625</EventID>
    <Version>0</Version>
    <Level>0</Level>
    <Task>12544</Task>
    <Opcode>0</Opcode>
    <Keywords>0x8020000000000000</Keywords>
    <TimeCreated SystemTime="2025-04-16T22:46:26.000000Z" />
    <EventRecordID>1082</EventRecordID>
    <Correlation />
    <Execution ProcessID="200" ThreadID="6822" />
    <Channel>Security</Channel>
    <Computer>WIN-TESTBOX</Computer>
    <Security />
  </System>
  <EventData>
    <Data Name="SubjectUserSid">S-1-5-18</Data>
    <Data Name="SubjectUserName">SYSTEM</Data>
    <Data Name="SubjectDomainName">NT AUTHORITY</Data>
    <Data Name="TargetUserSid">S-1-5-21-2758899651</Data>
    <Data Name="TargetUserName">user2</Data>
    <Data Name="TargetDomainName">WIN-TESTBOX</Data>
    <Data Name="LogonType">2</Data>
    <Data Name="LogonProcessName">Advapi</Data>
    <Data Name="AuthenticationPackageName">Negotiate</Data>
  </EventData>
</Event>

<Event xmlns="http://schemas.microsoft.com/win/2004/08/events/event">
  <System>
    <Provider Name="Microsoft-Windows-Security-Auditing" Guid="{54849625-5478-4994-a5ba-3e3b0328c30d}" />
    <EventID>4634</EventID>
    <Version>0</Version>
    <Level>0</Level>
    <Task>12544</Task>
    <Opcode>0</Opcode>
    <Keywords>0x8020000000000000</Keywords>
    <TimeCreated SystemTime="2025-04-16T22:43:26.000000Z" />
    <EventRecordID>1083</EventRecordID>
    <Correlation />
    <Execution ProcessID="752" ThreadID="7279" />
    <Channel>Security</Channel>
    <Computer>WIN-TESTBOX</Computer>
    <Security />
  </System>
  <EventData>
    <Data Name="SubjectUserSid">S-1-5-18</Data>
    <Data Name="SubjectUserName">SYSTEM</Data>
    <Data Name="SubjectDomainName">NT AUTHORITY</Data>
    <Data Name="TargetUserSid">S-1-5-21-4654257171</Data>
    <Data Name="TargetUserName">user3</Data>
    <Data Name="TargetDomainName">WIN-TESTBOX</Data>
    <Data Name="LogonType">10</Data>
    <Data Name="LogonProcessName">User32</Data>
    <Data Name="AuthenticationPackageName">Negotiate</Data>
  </EventData>
</Event>

<Event xmlns="http://schemas.microsoft.com/win/2004/08/events/event">
  <System>
    <Provider Name="Microsoft-Windows-Security-Auditing" Guid="{54849625-5478-4994-a5ba-3e3b0328c30d}" />
    <EventID>4647</EventID>
    <Version>0</Version>
    <Level>0</Level>
    <Task>12544</Task>
    <Opcode>0</Opcode>
    <Keywords>0x8020000000000000</Keywords>
    <TimeCreated SystemTime="2025-04-16T22:40:26.000000Z" />
    <EventRecordID>1084</EventRecordID>
    <Correlation />
    <Execution ProcessID="664" ThreadID="1932" />
    <Channel>Security</Channel>
    <Computer>WIN-TESTBOX</Computer>
    <Security />
  </System>
  <EventData>
    <Data Name="SubjectUserSid">S-1-5-18</Data>
    <Data Name="SubjectUserName">SYSTEM</Data>
    <Data Name="SubjectDomainName">NT AUTHORITY</Data>
    <Data Name="TargetUserSid">S-1-5-21-9582759927</Data>
    <Data Name="TargetUserName">user4</Data>
    <Data Name="TargetDomainName">WIN-TESTBOX</Data>
    <Data Name="LogonType">2</Data>
    <Data Name="LogonProcessName">Advapi</Data>
    <Data Name="AuthenticationPackageName">Kerberos</Data>
  </EventData>
</Event>

<Event xmlns="http://schemas.microsoft.com/win/2004/08/events/event">
  <System>
    <Provider Name="Microsoft-Windows-Security-Auditing" Guid="{54849625-5478-4994-a5ba-3e3b0328c30d}" />
    <EventID>4624</EventID>
    <Version>0</Version>
    <Level>0</Level>
    <Task>12544</Task>
    <Opcode>0</Opcode>
    <Keywords>0x8020000000000000</Keywords>
    <TimeCreated SystemTime="2025-04-16T22:37:26.000000Z" />
    <EventRecordID>1085</EventRecordID>
    <Correlation />
    <Execution ProcessID="261" ThreadID="6697" />
    <Channel>Security</Channel>
    <Computer>WIN-TESTBOX</Computer>
    <Security />
  </System>
  <EventData>
    <Data Name="SubjectUserSid">S-1-5-18</Data>
    <Data Name="SubjectUserName">SYSTEM</Data>
    <Data Name="SubjectDomainName">NT AUTHORITY</Data>
    <Data Name="TargetUserSid">S-1-5-21-9023616104</Data>
    <Data Name="TargetUserName">user5</Data>
    <Data Name="TargetDomainName">WIN-TESTBOX</Data>
    <Data Name="LogonType">2</Data>
    <Data Name="LogonProcessName">User32</Data>
    <Data Name="AuthenticationPackageName">Kerberos</Data>
  </EventData>
</Event>

<Event xmlns="http://schemas.microsoft.com/win/2004/08/events/event">
  <System>
    <Provider Name="Microsoft-Windows-Security-Auditing" Guid="{54849625-5478-4994-a5ba-3e3b0328c30d}" />
    <EventID>4647</EventID>
    <Version>0</Version>
    <Level>0</Level>
    <Task>12544</Task>
    <Opcode>0</Opcode>
    <Keywords>0x8020000000000000</Keywords>
    <TimeCreated SystemTime="2025-04-16T22:34:26.000000Z" />
    <EventRecordID>1086</EventRecordID>
    <Correlation />
    <Execution ProcessID="169" ThreadID="2440" />
    <Channel>Security</Channel>
    <Computer>WIN-TESTBOX</Computer>
    <Security />
  </System>
  <EventData>
    <Data Name="SubjectUserSid">S-1-5-18</Data>
    <Data Name="SubjectUserName">SYSTEM</Data>
    <Data Name="SubjectDomainName">NT AUTHORITY</Data>
    <Data Name="TargetUserSid">S-1-5-21-9466564169</Data>
    <Data Name="TargetUserName">user6</Data>
    <Data Name="TargetDomainName">WIN-TESTBOX</Data>
    <Data Name="LogonType">10</Data>
    <Data Name="LogonProcessName">Advapi</Data>
    <Data Name="AuthenticationPackageName">Kerberos</Data>
  </EventData>
</Event>

<Event xmlns="http://schemas.microsoft.com/win/2004/08/events/event">
  <System>
    <Provider Name="Microsoft-Windows-Security-Auditing" Guid="{54849625-5478-4994-a5ba-3e3b0328c30d}" />
    <EventID>4625</EventID>
    <Version>0</Version>
    <Level>0</Level>
    <Task>12544</Task>
    <Opcode>0</Opcode>
    <Keywords>0x8020000000000000</Keywords>
    <TimeCreated SystemTime="2025-04-16T22:31:26.000000Z" />
    <EventRecordID>1087</EventRecordID>
    <Correlation />
    <Execution ProcessID="445" ThreadID="3951" />
    <Channel>Security</Channel>
    <Computer>WIN-TESTBOX</Computer>
    <Security />
  </System>
  <EventData>
    <Data Name="SubjectUserSid">S-1-5-18</Data>
    <Data Name="SubjectUserName">SYSTEM</Data>
    <Data Name="SubjectDomainName">NT AUTHORITY</Data>
    <Data Name="TargetUserSid">S-1-5-21-7433796267</Data>
    <Data Name="TargetUserName">user7</Data>
    <Data Name="TargetDomainName">WIN-TESTBOX</Data>
    <Data Name="LogonType">10</Data>
    <Data Name="LogonProcessName">Winlogon</Data>
    <Data Name="AuthenticationPackageName">Kerberos</Data>
  </EventData>
</Event>

<Event xmlns="http://schemas.microsoft.com/win/2004/08/events/event">
  <System>
    <Provider Name="Microsoft-Windows-Security-Auditing" Guid="{54849625-5478-4994-a5ba-3e3b0328c30d}" />
    <EventID>4634</EventID>
    <Version>0</Version>
    <Level>0</Level>
    <Task>12544</Task>
    <Opcode>0</Opcode>
    <Keywords>0x8020000000000000</Keywords>
    <TimeCreated SystemTime="2025-04-16T22:28:26.000000Z" />
    <EventRecordID>1088</EventRecordID>
    <Correlation />
    <Execution ProcessID="506" ThreadID="2359" />
    <Channel>Security</Channel>
    <Computer>WIN-TESTBOX</Computer>
    <Security />
  </System>
  <EventData>
    <Data Name="SubjectUserSid">S-1-5-18</Data>
    <Data Name="SubjectUserName">SYSTEM</Data>
    <Data Name="SubjectDomainName">NT AUTHORITY</Data>
    <Data Name="TargetUserSid">S-1-5-21-7469621786</Data>
    <Data Name="TargetUserName">user8</Data>
    <Data Name="TargetDomainName">WIN-TESTBOX</Data>
    <Data Name="LogonType">2</Data>
    <Data Name="LogonProcessName">User32</Data>
    <Data Name="AuthenticationPackageName">NTLM</Data>
  </EventData>
</Event>

<Event xmlns="http://schemas.microsoft.com/win/2004/08/events/event">
  <System>
    <Provider Name="Microsoft-Windows-Security-Auditing" Guid="{54849625-5478-4994-a5ba-3e3b0328c30d}" />
    <EventID>4624</EventID>
    <Version>0</Version>
    <Level>0</Level>
    <Task>12544</Task>
    <Opcode>0</Opcode>
    <Keywords>0x8020000000000000</Keywords>
    <TimeCreated SystemTime="2025-04-16T22:25:26.000000Z" />
    <EventRecordID>1089</EventRecordID>
    <Correlation />
    <Execution ProcessID="403" ThreadID="9066" />
    <Channel>Security</Channel>
    <Computer>WIN-TESTBOX</Computer>
    <Security />
  </System>
  <EventData>
    <Data Name="SubjectUserSid">S-1-5-18</Data>
    <Data Name="SubjectUserName">SYSTEM</Data>
    <Data Name="SubjectDomainName">NT AUTHORITY</Data>
    <Data Name="TargetUserSid">S-1-5-21-4256556451</Data>
    <Data Name="TargetUserName">user9</Data>
    <Data Name="TargetDomainName">WIN-TESTBOX</Data>
    <Data Name="LogonType">2</Data>
    <Data Name="LogonProcessName">Advapi</Data>
    <Data Name="AuthenticationPackageName">NTLM</Data>
  </EventData>
</Event>

